<?xml version="1.0" encoding="UTF-8"?>
<!-- Generated by org.testng.reporters.JUnitReportReporter -->
<testsuite hostname="Anudeep" failures="0" tests="3" name="org.ecomm.tests.LoginTest" time="4.796" errors="0" timestamp="2022-05-31T19:05:54 IST" skipped="0">
  <testcase classname="org.ecomm.tests.LoginTest" name="LaunchAppandValidatepage" time="0.247"/>
  <system-out>
    <![CDATA[Clicked on the Dismiss button on the top banner
Verified the Logo on the application homepage]]>
  </system-out>
  <testcase classname="org.ecomm.tests.LoginTest" name="Navigatetologinpage" time="1.593"/>
  <system-out>
    <![CDATA[Clicked on the myaccount button on the top]]>
  </system-out>
  <testcase classname="org.ecomm.tests.LoginTest" name="LogintoApplication" time="2.956"/>
  <system-out/>
</testsuite> <!-- org.ecomm.tests.LoginTest -->
