<?xml version="1.0" encoding="UTF-8"?>
<!-- Generated by org.testng.reporters.JUnitReportReporter -->
<testsuite hostname="Anudeep" failures="0" tests="1" name="org.ecomm.tests.Newdummy" time="0.024" errors="0" timestamp="2022-05-28T21:37:13 IST" skipped="0">
  <testcase classname="org.ecomm.tests.Newdummy" name="testmethod" time="0.024"/>
  <system-out/>
</testsuite> <!-- org.ecomm.tests.Newdummy -->
