<?xml version="1.0" encoding="UTF-8"?>
<!-- Generated by org.testng.reporters.JUnitReportReporter -->
<testsuite hostname="Anudeep" failures="0" tests="2" name="org.ecomm.tests.ProductsearchTest" time="9.975" errors="0" timestamp="2022-05-28T22:49:24 IST" skipped="0">
  <testcase classname="org.ecomm.tests.ProductsearchTest" name="SearchaProduct" time="5.811"/>
  <system-out/>
  <testcase classname="org.ecomm.tests.ProductsearchTest" name="clickSeconditem" time="4.164"/>
  <system-out/>
</testsuite> <!-- org.ecomm.tests.ProductsearchTest -->
