<?xml version="1.0" encoding="UTF-8"?>
<!-- Generated by org.testng.reporters.JUnitReportReporter -->
<testsuite hostname="Anudeep" failures="0" tests="1" name="org.ecomm.tests.Dummyclass" time="25.377" errors="0" timestamp="2022-05-24T19:39:13 IST" skipped="0">
  <testcase classname="org.ecomm.tests.Dummyclass" name="testmethod" time="25.377"/>
  <system-out/>
</testsuite> <!-- org.ecomm.tests.Dummyclass -->
