<?xml version="1.0" encoding="UTF-8"?>
<!-- Generated by org.testng.reporters.JUnitReportReporter -->
<testsuite hostname="Anudeep" failures="0" tests="2" name="org.ecomm.tests.ProductsearchTest" time="7.980" errors="0" timestamp="2022-05-22T15:08:43 IST" skipped="0">
  <testcase classname="org.ecomm.tests.ProductsearchTest" name="SearchaProduct" time="1.825"/>
  <system-out/>
  <testcase classname="org.ecomm.tests.ProductsearchTest" name="clickSeconditem" time="6.155"/>
  <system-out/>
</testsuite> <!-- org.ecomm.tests.ProductsearchTest -->
