<?xml version="1.0" encoding="UTF-8"?>
<!-- Generated by org.testng.reporters.JUnitReportReporter -->
<testsuite hostname="Anudeep" failures="0" tests="1" name="org.ecomm.tests.LoginTest" time="15.509" errors="0" timestamp="2022-05-11T23:28:26 IST" skipped="0">
  <testcase classname="org.ecomm.tests.LoginTest" name="LoginTestmethod" time="15.509"/>
  <system-out/>
</testsuite> <!-- org.ecomm.tests.LoginTest -->
