<?xml version="1.0" encoding="UTF-8"?>
<!-- Generated by org.testng.reporters.JUnitReportReporter -->
<testsuite hostname="Anudeep" failures="0" tests="4" name="org.ecomm.tests.LoginTest" time="9.035" errors="0" timestamp="2022-05-14T19:52:40 IST" skipped="0">
  <testcase classname="org.ecomm.tests.LoginTest" name="LaunchAppandValidatepage" time="0.134"/>
  <system-out/>
  <testcase classname="org.ecomm.tests.LoginTest" name="Navigatetologinpage" time="5.004"/>
  <system-out/>
  <testcase classname="org.ecomm.tests.LoginTest" name="LogintoApplication" time="1.898"/>
  <system-out/>
  <testcase classname="org.ecomm.tests.LoginTest" name="LogoutfromApplication" time="1.999"/>
  <system-out/>
</testsuite> <!-- org.ecomm.tests.LoginTest -->
