<?xml version="1.0" encoding="UTF-8"?>
<!-- Generated by org.testng.reporters.JUnitReportReporter -->
<testsuite hostname="Anudeep" failures="0" tests="3" name="org.ecomm.tests.LoginTest" time="5.187" errors="0" timestamp="2022-05-22T15:08:43 IST" skipped="0">
  <testcase classname="org.ecomm.tests.LoginTest" name="LaunchAppandValidatepage" time="0.164"/>
  <system-out/>
  <testcase classname="org.ecomm.tests.LoginTest" name="Navigatetologinpage" time="1.654"/>
  <system-out/>
  <testcase classname="org.ecomm.tests.LoginTest" name="LogintoApplication" time="3.369"/>
  <system-out/>
</testsuite> <!-- org.ecomm.tests.LoginTest -->
